# JRE version: OpenJDK Runtime Environment Temurin-17.0.4.1+1 (17.0.4.1+1) (build 17.0.4.1+1)
# Java VM: OpenJDK 64-Bit Server VM Temurin-17.0.4.1+1 (17.0.4.1+1, mixed mode, tiered, compressed oops, compressed class ptrs, g1 gc, windows-amd64)
GC Precious Log:
 CPUs: 4 total, 4 available
 Memory: 3784M
 Large Page Support: Disabled
 NUMA Support: Disabled
 Compressed Oops: Enabled (32-bit)
 Heap Region Size: 1M
 Heap Min Capacity: 8M
 Heap Initial Capacity: 60M
 Heap Max Capacity: 948M
 Pre-touch: Disabled
 Parallel Workers: 4
 Concurrent Workers: 1
 Concurrent Refinement Workers: 4
 Periodic GC: Disabled
Heap:
 garbage-first heap   total 40960K, used 22259K [0x00000000c4c00000, 0x0000000100000000)
  region size 1024K, 7 young (7168K), 3 survivors (3072K)
 Metaspace       used 34326K, committed 34624K, reserved 1081344K
  class space    used 3870K, committed 4032K, reserved 1048576K
GC Heap History (16 events):
Event: 1.388 GC heap before
{Heap before GC invocations=0 (full 0):
 garbage-first heap   total 61440K, used 12288K [0x00000000c4c00000, 0x0000000100000000)
  region size 1024K, 13 young (13312K), 0 survivors (0K)
 Metaspace       used 10486K, committed 10624K, reserved 1064960K
  class space    used 965K, committed 1024K, reserved 1048576K
}
Event: 1.396 GC heap after
{Heap after GC invocations=1 (full 0):
 garbage-first heap   total 61440K, used 5245K [0x00000000c4c00000, 0x0000000100000000)
  region size 1024K, 2 young (2048K), 2 survivors (2048K)
 Metaspace       used 10486K, committed 10624K, reserved 1064960K
  class space    used 965K, committed 1024K, reserved 1048576K
}
Event: 2.203 GC heap before
{Heap before GC invocations=1 (full 0):
 garbage-first heap   total 61440K, used 16509K [0x00000000c4c00000, 0x0000000100000000)
  region size 1024K, 14 young (14336K), 2 survivors (2048K)
 Metaspace       used 16294K, committed 16512K, reserved 1064960K
  class space    used 1626K, committed 1728K, reserved 1048576K
}
Event: 2.208 GC heap after
{Heap after GC invocations=2 (full 0):
 garbage-first heap   total 61440K, used 7430K [0x00000000c4c00000, 0x0000000100000000)
  region size 1024K, 2 young (2048K), 2 survivors (2048K)
 Metaspace       used 16294K, committed 16512K, reserved 1064960K
  class space    used 1626K, committed 1728K, reserved 1048576K
}
Event: 2.975 GC heap before
{Heap before GC invocations=2 (full 0):
 garbage-first heap   total 61440K, used 24838K [0x00000000c4c00000, 0x0000000100000000)
  region size 1024K, 20 young (20480K), 2 survivors (2048K)
 Metaspace       used 21287K, committed 21504K, reserved 1073152K
  class space    used 2189K, committed 2304K, reserved 1048576K
}
Event: 2.980 GC heap after
{Heap after GC invocations=3 (full 0):
 garbage-first heap   total 61440K, used 9556K [0x00000000c4c00000, 0x0000000100000000)
  region size 1024K, 3 young (3072K), 3 survivors (3072K)
 Metaspace       used 21287K, committed 21504K, reserved 1073152K
  class space    used 2189K, committed 2304K, reserved 1048576K
}
Event: 2.987 GC heap before
{Heap before GC invocations=3 (full 0):
 garbage-first heap   total 61440K, used 9556K [0x00000000c4c00000, 0x0000000100000000)
  region size 1024K, 4 young (4096K), 3 survivors (3072K)
 Metaspace       used 21354K, committed 21504K, reserved 1073152K
  class space    used 2196K, committed 2304K, reserved 1048576K
}
Event: 2.991 GC heap after
{Heap after GC invocations=4 (full 0):
 garbage-first heap   total 61440K, used 9728K [0x00000000c4c00000, 0x0000000100000000)
  region size 1024K, 3 young (3072K), 3 survivors (3072K)
 Metaspace       used 21354K, committed 21504K, reserved 1073152K
  class space    used 2196K, committed 2304K, reserved 1048576K
}
Event: 3.714 GC heap before
{Heap before GC invocations=5 (full 0):
 garbage-first heap   total 40960K, used 29184K [0x00000000c4c00000, 0x0000000100000000)
  region size 1024K, 23 young (23552K), 3 survivors (3072K)
 Metaspace       used 25457K, committed 25664K, reserved 1073152K
  class space    used 2660K, committed 2752K, reserved 1048576K
}
Event: 3.720 GC heap after
{Heap after GC invocations=6 (full 0):
 garbage-first heap   total 40960K, used 11962K [0x00000000c4c00000, 0x0000000100000000)
  region size 1024K, 3 young (3072K), 3 survivors (3072K)
 Metaspace       used 25457K, committed 25664K, reserved 1073152K
  class space    used 2660K, committed 2752K, reserved 1048576K
}
Event: 3.772 GC heap before
{Heap before GC invocations=6 (full 0):
 garbage-first heap   total 40960K, used 11962K [0x00000000c4c00000, 0x0000000100000000)
  region size 1024K, 4 young (4096K), 3 survivors (3072K)
 Metaspace       used 25717K, committed 25920K, reserved 1073152K
  class space    used 2705K, committed 2816K, reserved 1048576K
}
Event: 3.775 GC heap after
{Heap after GC invocations=7 (full 0):
 garbage-first heap   total 40960K, used 12192K [0x00000000c4c00000, 0x0000000100000000)
  region size 1024K, 1 young (1024K), 1 survivors (1024K)
 Metaspace       used 25717K, committed 25920K, reserved 1073152K
  class space    used 2705K, committed 2816K, reserved 1048576K
}
Event: 5.538 GC heap before
{Heap before GC invocations=7 (full 0):
 garbage-first heap   total 40960K, used 25504K [0x00000000c4c00000, 0x0000000100000000)
  region size 1024K, 15 young (15360K), 1 survivors (1024K)
 Metaspace       used 29615K, committed 29824K, reserved 1081344K
  class space    used 3226K, committed 3328K, reserved 1048576K
}
Event: 5.539 GC heap after
{Heap after GC invocations=8 (full 0):
 garbage-first heap   total 40960K, used 12954K [0x00000000c4c00000, 0x0000000100000000)
  region size 1024K, 2 young (2048K), 2 survivors (2048K)
 Metaspace       used 29615K, committed 29824K, reserved 1081344K
  class space    used 3226K, committed 3328K, reserved 1048576K
}
Event: 12.752 GC heap before
{Heap before GC invocations=8 (full 0):
 garbage-first heap   total 40960K, used 33434K [0x00000000c4c00000, 0x0000000100000000)
  region size 1024K, 17 young (17408K), 2 survivors (2048K)
 Metaspace       used 33331K, committed 33536K, reserved 1081344K
  class space    used 3758K, committed 3840K, reserved 1048576K
}
Event: 12.845 GC heap after
{Heap after GC invocations=9 (full 0):
 garbage-first heap   total 40960K, used 19187K [0x00000000c4c00000, 0x0000000100000000)
  region size 1024K, 3 young (3072K), 3 survivors (3072K)
 Metaspace       used 33331K, committed 33536K, reserved 1081344K
  class space    used 3758K, committed 3840K, reserved 1048576K
}

