<?xml version="1.0" encoding="UTF-8"?>
<testng-results total="1" passed="1" failed="0" skipped="0">
  <reporter-output>
  </reporter-output>
  <suite started-at="2022-11-29T19:52:37Z" name="Default suite" finished-at="2022-11-29T19:53:10Z" duration-ms="32353">
    <groups>
    </groups>
    <test started-at="2022-11-29T19:52:37Z" name="Default test" finished-at="2022-11-29T19:53:10Z" duration-ms="32353">
      <class name="karnataka_tourism.testcase_1">
        <test-method is-config="true" signature="bt()[pri:0, instance:karnataka_tourism.testcase_1@106cc338]" started-at="2022-11-30T01:22:37Z" name="bt" finished-at="2022-11-30T01:23:00Z" duration-ms="22857" status="PASS">
          <reporter-output>
          </reporter-output>
        </test-method> <!-- bt -->
        <test-method signature="test()[pri:0, instance:karnataka_tourism.testcase_1@106cc338]" started-at="2022-11-30T01:23:00Z" name="test" finished-at="2022-11-30T01:23:08Z" duration-ms="7557" status="PASS">
          <reporter-output>
          </reporter-output>
        </test-method> <!-- test -->
        <test-method is-config="true" signature="at()[pri:0, instance:karnataka_tourism.testcase_1@106cc338]" started-at="2022-11-30T01:23:08Z" name="at" finished-at="2022-11-30T01:23:10Z" duration-ms="1784" status="PASS">
          <reporter-output>
          </reporter-output>
        </test-method> <!-- at -->
      </class> <!-- karnataka_tourism.testcase_1 -->
    </test> <!-- Default test -->
  </suite> <!-- Default suite -->
</testng-results>
